<?xml version="1.0" encoding="UTF-8"?>
<testsuite xmlns:xsi="http://www.w3.org/2001/XMLSchema-instance" xsi:noNamespaceSchemaLocation="https://maven.apache.org/surefire/maven-surefire-plugin/xsd/surefire-test-report.xsd" name="com.microservicesPOC.UserManagementSys.Controller.UserControllerTest" time="1.12" tests="4" errors="3" skipped="0" failures="0">
  <properties>
[...]
</properties>
  <testcase name="saveUser" classname="com.microservicesPOC.UserManagementSys.Controller.UserControllerTest" time="1.081">
    <error message="Cannot invoke &quot;com.microservicesPOC.UserManagementSys.Service.UserService.saveUser(com.microservicesPOC.UserManagementSys.Entity.User)&quot; because &quot;this.userService&quot; is null" type="java.lang.NullPointerException">java.lang.NullPointerException: Cannot invoke "com.microservicesPOC.UserManagementSys.Service.UserService.saveUser(com.microservicesPOC.UserManagementSys.Entity.User)" because "this.userService" is null
	at com.microservicesPOC.UserManagementSys.Controller.UserControllerTest.saveUser(UserControllerTest.java:49)
</error>
  </testcase>
  <testcase name="delete" classname="com.microservicesPOC.UserManagementSys.Controller.UserControllerTest" time="0.004">
    <error message="Cannot invoke &quot;com.microservicesPOC.UserManagementSys.Service.UserService.delete(java.lang.Long)&quot; because &quot;this.userService&quot; is null" type="java.lang.NullPointerException">java.lang.NullPointerException: Cannot invoke "com.microservicesPOC.UserManagementSys.Service.UserService.delete(java.lang.Long)" because "this.userService" is null
	at com.microservicesPOC.UserManagementSys.Controller.UserControllerTest.delete(UserControllerTest.java:68)
</error>
  </testcase>
  <testcase name="getUser" classname="com.microservicesPOC.UserManagementSys.Controller.UserControllerTest" time="0.006"/>
  <testcase name="getAllUser" classname="com.microservicesPOC.UserManagementSys.Controller.UserControllerTest" time="0.002">
    <error type="java.lang.NullPointerException">java.lang.NullPointerException
	at com.microservicesPOC.UserManagementSys.Controller.UserControllerTest.getAllUser(UserControllerTest.java:61)
</error>
  </testcase>
</testsuite>